<?xml version="1.0" encoding="UTF-8"?>
<testng-results ignored="0" total="4" passed="4" failed="0" skipped="0">
  <reporter-output>
  </reporter-output>
  <suite started-at="2025-02-07T22:15:41 IST" name="Default suite" finished-at="2025-02-07T22:16:00 IST" duration-ms="19449">
    <groups>
    </groups>
    <test started-at="2025-02-07T22:15:41 IST" name="Default test" finished-at="2025-02-07T22:16:00 IST" duration-ms="19449">
      <class name="com.TestNGDemos.D06DataProviderDemo">
        <test-method is-config="true" signature="beforeTest()[pri:0, instance:com.TestNGDemos.D06DataProviderDemo@7b4c50bc]" started-at="2025-02-07T22:15:41 IST" name="beforeTest" finished-at="2025-02-07T22:15:47 IST" duration-ms="6365" status="PASS">
          <reporter-output>
          </reporter-output>
        </test-method> <!-- beforeTest -->
        <test-method signature="loginToOHRM(java.lang.String,java.lang.String)[pri:0, instance:com.TestNGDemos.D06DataProviderDemo@7b4c50bc]" started-at="2025-02-07T22:15:47 IST" name="loginToOHRM" data-provider="getLoginDetails" finished-at="2025-02-07T22:15:50 IST" duration-ms="2196" status="PASS">
          <params>
            <param index="0">
              <value>
                <![CDATA[admin]]>
              </value>
            </param>
            <param index="1">
              <value>
                <![CDATA[admin123]]>
              </value>
            </param>
          </params>
          <reporter-output>
          </reporter-output>
        </test-method> <!-- loginToOHRM -->
        <test-method is-config="true" signature="logout()[pri:0, instance:com.TestNGDemos.D06DataProviderDemo@7b4c50bc]" started-at="2025-02-07T22:15:50 IST" name="logout" finished-at="2025-02-07T22:15:52 IST" duration-ms="2585" status="PASS">
          <reporter-output>
          </reporter-output>
        </test-method> <!-- logout -->
        <test-method signature="loginToOHRM(java.lang.String,java.lang.String)[pri:0, instance:com.TestNGDemos.D06DataProviderDemo@7b4c50bc]" started-at="2025-02-07T22:15:52 IST" name="loginToOHRM" data-provider="getLoginDetails" finished-at="2025-02-07T22:15:54 IST" duration-ms="1437" status="PASS">
          <params>
            <param index="0">
              <value>
                <![CDATA[tajavathi]]>
              </value>
            </param>
            <param index="1">
              <value>
                <![CDATA[tejawathi123]]>
              </value>
            </param>
          </params>
          <reporter-output>
          </reporter-output>
        </test-method> <!-- loginToOHRM -->
        <test-method is-config="true" signature="logout()[pri:0, instance:com.TestNGDemos.D06DataProviderDemo@7b4c50bc]" started-at="2025-02-07T22:15:54 IST" name="logout" finished-at="2025-02-07T22:15:54 IST" duration-ms="24" status="PASS">
          <reporter-output>
          </reporter-output>
        </test-method> <!-- logout -->
        <test-method signature="loginToOHRM(java.lang.String,java.lang.String)[pri:0, instance:com.TestNGDemos.D06DataProviderDemo@7b4c50bc]" started-at="2025-02-07T22:15:54 IST" name="loginToOHRM" data-provider="getLoginDetails" finished-at="2025-02-07T22:15:56 IST" duration-ms="1838" status="PASS">
          <params>
            <param index="0">
              <value>
                <![CDATA[admin]]>
              </value>
            </param>
            <param index="1">
              <value>
                <![CDATA[admin123]]>
              </value>
            </param>
          </params>
          <reporter-output>
          </reporter-output>
        </test-method> <!-- loginToOHRM -->
        <test-method is-config="true" signature="logout()[pri:0, instance:com.TestNGDemos.D06DataProviderDemo@7b4c50bc]" started-at="2025-02-07T22:15:56 IST" name="logout" finished-at="2025-02-07T22:15:58 IST" duration-ms="2140" status="PASS">
          <reporter-output>
          </reporter-output>
        </test-method> <!-- logout -->
        <test-method signature="loginToOHRM(java.lang.String,java.lang.String)[pri:0, instance:com.TestNGDemos.D06DataProviderDemo@7b4c50bc]" started-at="2025-02-07T22:15:58 IST" name="loginToOHRM" data-provider="getLoginDetails" finished-at="2025-02-07T22:16:00 IST" duration-ms="2397" status="PASS">
          <params>
            <param index="0">
              <value>
                <![CDATA[vinod]]>
              </value>
            </param>
            <param index="1">
              <value>
                <![CDATA[vinod123]]>
              </value>
            </param>
          </params>
          <reporter-output>
          </reporter-output>
        </test-method> <!-- loginToOHRM -->
        <test-method is-config="true" signature="logout()[pri:0, instance:com.TestNGDemos.D06DataProviderDemo@7b4c50bc]" started-at="2025-02-07T22:16:00 IST" name="logout" finished-at="2025-02-07T22:16:00 IST" duration-ms="15" status="PASS">
          <reporter-output>
          </reporter-output>
        </test-method> <!-- logout -->
        <test-method is-config="true" signature="afterTest()[pri:0, instance:com.TestNGDemos.D06DataProviderDemo@7b4c50bc]" started-at="2025-02-07T22:16:00 IST" name="afterTest" finished-at="2025-02-07T22:16:00 IST" duration-ms="325" status="PASS">
          <reporter-output>
          </reporter-output>
        </test-method> <!-- afterTest -->
      </class> <!-- com.TestNGDemos.D06DataProviderDemo -->
    </test> <!-- Default test -->
  </suite> <!-- Default suite -->
</testng-results>
