<?xml version="1.0" encoding="UTF-8"?>
<testng-results ignored="0" total="1" passed="1" failed="0" skipped="0">
  <reporter-output>
  </reporter-output>
  <suite started-at="2025-02-12T22:12:11 IST" name="My Suite" finished-at="2025-02-12T22:12:19 IST" duration-ms="8171">
    <groups>
    </groups>
    <test started-at="2025-02-12T22:12:11 IST" name="MyTest" finished-at="2025-02-12T22:12:19 IST" duration-ms="8171">
      <class name="com.TestNGDemos.D08ReadFromXML">
        <test-method is-config="true" signature="beforeTest()[pri:0, instance:com.TestNGDemos.D08ReadFromXML@338fc1d8]" started-at="2025-02-12T22:12:11 IST" name="beforeTest" finished-at="2025-02-12T22:12:17 IST" duration-ms="5843" status="PASS">
          <reporter-output>
          </reporter-output>
        </test-method> <!-- beforeTest -->
        <test-method signature="login(java.lang.String,java.lang.String)[pri:0, instance:com.TestNGDemos.D08ReadFromXML@338fc1d8]" started-at="2025-02-12T22:12:17 IST" name="login" finished-at="2025-02-12T22:12:18 IST" duration-ms="1174" status="PASS">
          <params>
            <param index="0">
              <value>
                <![CDATA[student]]>
              </value>
            </param>
            <param index="1">
              <value>
                <![CDATA[Password123]]>
              </value>
            </param>
          </params>
          <reporter-output>
          </reporter-output>
        </test-method> <!-- login -->
        <test-method is-config="true" signature="afterMethod()[pri:0, instance:com.TestNGDemos.D08ReadFromXML@338fc1d8]" started-at="2025-02-12T22:12:18 IST" name="afterMethod" finished-at="2025-02-12T22:12:19 IST" duration-ms="589" status="PASS">
          <reporter-output>
          </reporter-output>
        </test-method> <!-- afterMethod -->
        <test-method is-config="true" signature="afterTest()[pri:0, instance:com.TestNGDemos.D08ReadFromXML@338fc1d8]" started-at="2025-02-12T22:12:19 IST" name="afterTest" finished-at="2025-02-12T22:12:19 IST" duration-ms="419" status="PASS">
          <reporter-output>
          </reporter-output>
        </test-method> <!-- afterTest -->
      </class> <!-- com.TestNGDemos.D08ReadFromXML -->
    </test> <!-- MyTest -->
  </suite> <!-- My Suite -->
</testng-results>
