<?xml version="1.0" encoding="UTF-8"?>
<!-- Generated by org.testng.reporters.JUnitXMLReporter -->
<testsuite ignored="0" hostname="DESKTOP-G8O6OG0" failures="0" tests="4" name="Default test" time="19.449" errors="0" timestamp="2025-02-07T22:16:00 IST">
  <testcase classname="com.TestNGDemos.D06DataProviderDemo" name="loginToOHRM" time="2.196"/>
  <testcase classname="com.TestNGDemos.D06DataProviderDemo" name="loginToOHRM" time="1.437"/>
  <testcase classname="com.TestNGDemos.D06DataProviderDemo" name="loginToOHRM" time="1.838"/>
  <testcase classname="com.TestNGDemos.D06DataProviderDemo" name="loginToOHRM" time="2.397"/>
</testsuite> <!-- Default test -->
