<?xml version="1.0" encoding="UTF-8"?>
<!-- Generated by org.testng.reporters.JUnitXMLReporter -->
<testsuite ignored="0" hostname="DESKTOP-G8O6OG0" failures="0" tests="6" name="Default test" time="1.446" errors="0" timestamp="2025-02-14T22:21:30 IST">
  <testcase classname="com.TestNGDemos.D15LoginToOHRM_DDF" name="loginToOHROM" time="0.01"/>
  <testcase classname="com.TestNGDemos.D15LoginToOHRM_DDF" name="loginToOHROM" time="0.004"/>
  <testcase classname="com.TestNGDemos.D15LoginToOHRM_DDF" name="loginToOHROM" time="0.002"/>
  <testcase classname="com.TestNGDemos.D15LoginToOHRM_DDF" name="loginToOHROM" time="0.002"/>
  <testcase classname="com.TestNGDemos.D15LoginToOHRM_DDF" name="loginToOHROM" time="0.002"/>
  <testcase classname="com.TestNGDemos.D15LoginToOHRM_DDF" name="loginToOHROM" time="0.002"/>
</testsuite> <!-- Default test -->
